  pch.cpp
  AudioEngine.cpp
  DynamicSoundEffectInstance.cpp
  SoundCommon.cpp
  SoundEffect.cpp
  SoundEffectInstance.cpp
  WaveBank.cpp
  WaveBankReader.cpp
  WAVFileReader.cpp
  AlphaTestEffect.cpp
  BasicEffect.cpp
  BasicPostProcess.cpp
  CommonStates.cpp
  DDSTextureLoader.cpp
  DebugEffect.cpp
  DGSLEffect.cpp
  DGSLEffectFactory.cpp
  DualPostProcess.cpp
  DualTextureEffect.cpp
  BinaryReader.cpp
  EffectCommon.cpp
  正在生成代码...
  正在编译...
  EffectFactory.cpp
  EnvironmentMapEffect.cpp
  GamePad.cpp
  GeometricPrimitive.cpp
  Geometry.cpp
  GraphicsMemory.cpp
  Keyboard.cpp
  Model.cpp
  ModelLoadCMO.cpp
  ModelLoadSDKMESH.cpp
  ModelLoadVBO.cpp
  Mouse.cpp
  NormalMapEffect.cpp
  PBREffect.cpp
  ScreenGrab.cpp
  SimpleMath.cpp
  SkinnedEffect.cpp
  SpriteBatch.cpp
  PrimitiveBatch.cpp
  SpriteFont.cpp
  正在生成代码...
  正在编译...
  ToneMapPostProcess.cpp
  VertexTypes.cpp
  WICTextureLoader.cpp
  正在生成代码...
  DirectXTK_Desktop_2017_Win10.vcxproj -> C:\Users\27583\Desktop\SnowScene\DirectXTK-master\Bin\Desktop_2017_Win10\Win32\Release\DirectXTK.lib
