  Performing Custom Build Tools
  Microsoft (R) Direct3D Shader Compiler 10.1
  Copyright (C) 2013 Microsoft. All rights reserved.
  
CUSTOMBUILD : warning X4717: Effects deprecated for D3DCompiler_47
  
  compilation code save succeeded; see Basic.cod
  compilation object save succeeded; see C:\Users\27583\Desktop\SnowScene\SnowScene\FX\Basic.fxo
  Performing Custom Build Tools
  Microsoft (R) Direct3D Shader Compiler 10.1
  Copyright (C) 2013 Microsoft. All rights reserved.
  
CUSTOMBUILD : warning X4717: Effects deprecated for D3DCompiler_47
  
  compilation code save succeeded; see LightHelper.cod
  compilation object save succeeded; see C:\Users\27583\Desktop\SnowScene\SnowScene\FX\LightHelper.fxo
  Performing Custom Build Tools
  Microsoft (R) Direct3D Shader Compiler 10.1
  Copyright (C) 2013 Microsoft. All rights reserved.
  
CUSTOMBUILD : warning X4717: Effects deprecated for D3DCompiler_47
  
  compilation code save succeeded; see Sky.cod
  compilation object save succeeded; see C:\Users\27583\Desktop\SnowScene\SnowScene\FX\Sky.fxo
  Performing Custom Build Tools
  Microsoft (R) Direct3D Shader Compiler 10.1
  Copyright (C) 2013 Microsoft. All rights reserved.
  
CUSTOMBUILD : warning X4717: Effects deprecated for D3DCompiler_47
  
  compilation code save succeeded; see Fire.cod
  compilation object save succeeded; see C:\Users\27583\Desktop\SnowScene\SnowScene\FX\Fire.fxo
  Performing Custom Build Tools
  Microsoft (R) Direct3D Shader Compiler 10.1
  Copyright (C) 2013 Microsoft. All rights reserved.
  
CUSTOMBUILD : warning X4717: Effects deprecated for D3DCompiler_47
  
  compilation code save succeeded; see Snow.cod
  compilation object save succeeded; see C:\Users\27583\Desktop\SnowScene\SnowScene\FX\Snow.fxo
  Performing Custom Build Tools
  Microsoft (R) Direct3D Shader Compiler 10.1
  Copyright (C) 2013 Microsoft. All rights reserved.
  
CUSTOMBUILD : warning X4717: Effects deprecated for D3DCompiler_47
  
  compilation code save succeeded; see Terrain.cod
  compilation object save succeeded; see C:\Users\27583\Desktop\SnowScene\SnowScene\FX\Terrain.fxo
  Camera.cpp
  d3dApp.cpp
  d3dUtil.cpp
  DDSTextureLoader.cpp
  dxerr.cpp
  GameTimer.cpp
  GeometryGenerator.cpp
  LightHelper.cpp
  MathHelper.cpp
  TextureMgr.cpp
  Waves.cpp
  Effect.cpp
  ParticleSystem.cpp
  RenderStates.cpp
  Sky.cpp
  Snowman.cpp
  SnowSceneDemo.cpp
  Terrain.cpp
  Vertex.cpp
  正在生成代码
  All 1157 functions were compiled because no usable IPDB/IOBJ from previous compilation was found.
  已完成代码的生成
Effects11.lib(d3dxGlobal.obj) : warning LNK4099: 未找到 PDB“Effects11.pdb”(使用“Effects11.lib(d3dxGlobal.obj)”或在“C:\Users\27583\Desktop\SnowScene\Release\Effects11.pdb”中寻找)；正在链接对象，如同没有调试信息一样
Effects11.lib(EffectAPI.obj) : warning LNK4099: 未找到 PDB“Effects11.pdb”(使用“Effects11.lib(EffectAPI.obj)”或在“C:\Users\27583\Desktop\SnowScene\Release\Effects11.pdb”中寻找)；正在链接对象，如同没有调试信息一样
Effects11.lib(EffectLoad.obj) : warning LNK4099: 未找到 PDB“Effects11.pdb”(使用“Effects11.lib(EffectLoad.obj)”或在“C:\Users\27583\Desktop\SnowScene\Release\Effects11.pdb”中寻找)；正在链接对象，如同没有调试信息一样
Effects11.lib(EffectNonRuntime.obj) : warning LNK4099: 未找到 PDB“Effects11.pdb”(使用“Effects11.lib(EffectNonRuntime.obj)”或在“C:\Users\27583\Desktop\SnowScene\Release\Effects11.pdb”中寻找)；正在链接对象，如同没有调试信息一样
Effects11.lib(EffectReflection.obj) : warning LNK4099: 未找到 PDB“Effects11.pdb”(使用“Effects11.lib(EffectReflection.obj)”或在“C:\Users\27583\Desktop\SnowScene\Release\Effects11.pdb”中寻找)；正在链接对象，如同没有调试信息一样
Effects11.lib(EffectRuntime.obj) : warning LNK4099: 未找到 PDB“Effects11.pdb”(使用“Effects11.lib(EffectRuntime.obj)”或在“C:\Users\27583\Desktop\SnowScene\Release\Effects11.pdb”中寻找)；正在链接对象，如同没有调试信息一样
  SnowScene.vcxproj -> C:\Users\27583\Desktop\SnowScene\Release\SnowScene.exe
