  pch.cpp
  WICTextureLoader.cpp
  VertexTypes.cpp
  ToneMapPostProcess.cpp
  SpriteFont.cpp
  PrimitiveBatch.cpp
  SpriteBatch.cpp
  SkinnedEffect.cpp
  SimpleMath.cpp
  ScreenGrab.cpp
  PBREffect.cpp
  NormalMapEffect.cpp
  Mouse.cpp
  ModelLoadVBO.cpp
  ModelLoadSDKMESH.cpp
  ModelLoadCMO.cpp
  Model.cpp
  Keyboard.cpp
  GraphicsMemory.cpp
  Geometry.cpp
  GeometricPrimitive.cpp
  正在生成代码...
  正在编译...
  GamePad.cpp
  EnvironmentMapEffect.cpp
  EffectFactory.cpp
  EffectCommon.cpp
  BinaryReader.cpp
  DualTextureEffect.cpp
  DualPostProcess.cpp
  DGSLEffectFactory.cpp
  DGSLEffect.cpp
  DebugEffect.cpp
  DDSTextureLoader.cpp
  CommonStates.cpp
  BasicPostProcess.cpp
  BasicEffect.cpp
  AlphaTestEffect.cpp
  WAVFileReader.cpp
  WaveBankReader.cpp
  WaveBank.cpp
  SoundEffectInstance.cpp
  SoundEffect.cpp
  正在生成代码...
  正在编译...
  SoundCommon.cpp
  DynamicSoundEffectInstance.cpp
  AudioEngine.cpp
  正在生成代码...
  DirectXTK_Desktop_2017_Win10.vcxproj -> C:\Users\27583\Desktop\SnowScene\DirectXTK-master\Bin\Desktop_2017_Win10\Win32\Debug\DirectXTK.lib
