c:\users\27583\desktop\snowscene\snowscene\debug\vc141.pdb
c:\users\27583\desktop\snowscene\snowscene\debug\vc141.idb
c:\users\27583\desktop\snowscene\snowscene\debug\camera.obj
c:\users\27583\desktop\snowscene\snowscene\debug\d3dapp.obj
c:\users\27583\desktop\snowscene\snowscene\debug\d3dutil.obj
c:\users\27583\desktop\snowscene\snowscene\debug\ddstextureloader.obj
c:\users\27583\desktop\snowscene\snowscene\debug\dxerr.obj
c:\users\27583\desktop\snowscene\snowscene\debug\gametimer.obj
c:\users\27583\desktop\snowscene\snowscene\debug\geometrygenerator.obj
c:\users\27583\desktop\snowscene\snowscene\debug\lighthelper.obj
c:\users\27583\desktop\snowscene\snowscene\debug\mathhelper.obj
c:\users\27583\desktop\snowscene\snowscene\debug\texturemgr.obj
c:\users\27583\desktop\snowscene\snowscene\debug\waves.obj
c:\users\27583\desktop\snowscene\snowscene\debug\effects.obj
c:\users\27583\desktop\snowscene\snowscene\debug\particlesystem.obj
c:\users\27583\desktop\snowscene\snowscene\debug\renderstates.obj
c:\users\27583\desktop\snowscene\snowscene\debug\sky.obj
c:\users\27583\desktop\snowscene\snowscene\debug\snowman.obj
c:\users\27583\desktop\snowscene\snowscene\debug\snowscenedemo.obj
c:\users\27583\desktop\snowscene\snowscene\debug\terrain.obj
c:\users\27583\desktop\snowscene\snowscene\debug\vertex.obj
c:\users\27583\desktop\snowscene\snowscene\fx\basic.fxo
c:\users\27583\desktop\snowscene\snowscene\fx\lighthelper.fxo
c:\users\27583\desktop\snowscene\snowscene\fx\sky.fxo
c:\users\27583\desktop\snowscene\snowscene\fx\fire.fxo
c:\users\27583\desktop\snowscene\snowscene\fx\rain.fxo
c:\users\27583\desktop\snowscene\snowscene\fx\snow.fxo
c:\users\27583\desktop\snowscene\snowscene\fx\terrain.fxo
c:\users\27583\desktop\snowscene\debug\snowscene.ilk
c:\users\27583\desktop\snowscene\debug\snowscene.exe
c:\users\27583\desktop\snowscene\debug\snowscene.pdb
c:\users\27583\desktop\snowscene\snowscene\debug\snowscene.tlog\cl.command.1.tlog
c:\users\27583\desktop\snowscene\snowscene\debug\snowscene.tlog\cl.read.1.tlog
c:\users\27583\desktop\snowscene\snowscene\debug\snowscene.tlog\cl.write.1.tlog
c:\users\27583\desktop\snowscene\snowscene\debug\snowscene.tlog\custombuild.command.1.tlog
c:\users\27583\desktop\snowscene\snowscene\debug\snowscene.tlog\custombuild.read.1.tlog
c:\users\27583\desktop\snowscene\snowscene\debug\snowscene.tlog\custombuild.write.1.tlog
c:\users\27583\desktop\snowscene\snowscene\debug\snowscene.tlog\link.command.1.tlog
c:\users\27583\desktop\snowscene\snowscene\debug\snowscene.tlog\link.read.1.tlog
c:\users\27583\desktop\snowscene\snowscene\debug\snowscene.tlog\link.write.1.tlog
